This file contains any messages produced by compilers while
running configure, to aid debugging if configure makes a mistake.

It was created by configure, which was
generated by GNU Autoconf 2.69.  Invocation command line was

  $ ./configure CFLAGS=-O4 -fPIC

## --------- ##
## Platform. ##
## --------- ##

hostname = MacBook-Pro-de-VAYER.local
uname -m = x86_64
uname -r = 16.7.0
uname -s = Darwin
uname -v = Darwin Kernel Version 16.7.0: Thu Jun 15 17:36:27 PDT 2017; root:xnu-3789.70.16~2/RELEASE_X86_64

/usr/bin/uname -p = i386
/bin/uname -X     = unknown

/bin/arch              = unknown
/usr/bin/arch -k       = unknown
/usr/convex/getsysinfo = unknown
/usr/bin/hostinfo      = Mach kernel version:
	 Darwin Kernel Version 16.7.0: Thu Jun 15 17:36:27 PDT 2017; root:xnu-3789.70.16~2/RELEASE_X86_64
Kernel configured for up to 4 processors.
2 processors are physically available.
4 processors are logically available.
Processor type: x86_64h (Intel x86-64h Haswell)
Processors active: 0 1 2 3
Primary memory available: 8.00 gigabytes
Default processor set: 348 tasks, 1789 threads, 4 processors
Load average: 1.24, Mach factor: 2.75
/bin/machine           = unknown
/usr/bin/oslevel       = unknown
/bin/universe          = unknown

PATH: //anaconda/bin
PATH: /Library/Frameworks/Python.framework/Versions/3.5/bin
PATH: /usr/local/bin
PATH: /usr/bin
PATH: /bin
PATH: /usr/sbin
PATH: /sbin
PATH: /opt/X11/bin
PATH: /Library/TeX/texbin


## ----------- ##
## Core tests. ##
## ----------- ##

configure:2554: checking build system type
configure:2568: result: x86_64-apple-darwin16.7.0
configure:2588: checking host system type
configure:2601: result: x86_64-apple-darwin16.7.0
configure:2685: checking for gcc
configure:2701: found /usr/bin/gcc
configure:2712: result: gcc
configure:2941: checking for C compiler version
configure:2950: gcc --version >&5
Apple LLVM version 9.0.0 (clang-900.0.39.2)
Target: x86_64-apple-darwin16.7.0
Thread model: posix
InstalledDir: /Library/Developer/CommandLineTools/usr/bin
Configured with: --prefix=/Library/Developer/CommandLineTools/usr --with-gxx-include-dir=/usr/include/c++/4.2.1
configure:2961: $? = 0
configure:2950: gcc -v >&5
Configured with: --prefix=/Library/Developer/CommandLineTools/usr --with-gxx-include-dir=/usr/include/c++/4.2.1
Apple LLVM version 9.0.0 (clang-900.0.39.2)
Target: x86_64-apple-darwin16.7.0
Thread model: posix
InstalledDir: /Library/Developer/CommandLineTools/usr/bin
configure:2961: $? = 0
configure:2950: gcc -V >&5
clang: error: argument to '-V' is missing (expected 1 value)
clang: error: no input files
configure:2961: $? = 1
configure:2950: gcc -qversion >&5
clang: error: unknown argument: '-qversion'
clang: error: no input files
configure:2961: $? = 1
configure:2981: checking whether the C compiler works
configure:3003: gcc -O4 -fPIC   conftest.c  >&5
clang: warning: -O4 is equivalent to -O3 [-Wdeprecated]
configure:3007: $? = 0
configure:3055: result: yes
configure:3058: checking for C compiler default output file name
configure:3060: result: a.out
configure:3066: checking for suffix of executables
configure:3073: gcc -o conftest -O4 -fPIC   conftest.c  >&5
clang: warning: -O4 is equivalent to -O3 [-Wdeprecated]
configure:3077: $? = 0
configure:3099: result: 
configure:3121: checking whether we are cross compiling
configure:3129: gcc -o conftest -O4 -fPIC   conftest.c  >&5
clang: warning: -O4 is equivalent to -O3 [-Wdeprecated]
configure:3133: $? = 0
configure:3140: ./conftest
configure:3144: $? = 0
configure:3159: result: no
configure:3164: checking for suffix of object files
configure:3186: gcc -c -O4 -fPIC  conftest.c >&5
clang: warning: -O4 is equivalent to -O3 [-Wdeprecated]
configure:3190: $? = 0
configure:3211: result: o
configure:3215: checking whether we are using the GNU C compiler
configure:3234: gcc -c -O4 -fPIC  conftest.c >&5
clang: warning: -O4 is equivalent to -O3 [-Wdeprecated]
configure:3234: $? = 0
configure:3243: result: yes
configure:3252: checking whether gcc accepts -g
configure:3272: gcc -c -g  conftest.c >&5
configure:3272: $? = 0
configure:3313: result: yes
configure:3330: checking for gcc option to accept ISO C89
configure:3393: gcc  -c -O4 -fPIC  conftest.c >&5
clang: warning: -O4 is equivalent to -O3 [-Wdeprecated]
configure:3393: $? = 0
configure:3406: result: none needed
configure:3436: checking for special C compiler options needed for large files
configure:3481: result: no
configure:3487: checking for _FILE_OFFSET_BITS value needed for large files
configure:3512: gcc -c -O4 -fPIC  conftest.c >&5
clang: warning: -O4 is equivalent to -O3 [-Wdeprecated]
configure:3512: $? = 0
configure:3544: result: no
configure:3809: checking for sys/wait.h that is POSIX.1 compatible
configure:3835: gcc -c -O4 -fPIC  conftest.c >&5
clang: warning: -O4 is equivalent to -O3 [-Wdeprecated]
configure:3835: $? = 0
configure:3842: result: yes
configure:3855: checking how to run the C preprocessor
configure:3886: gcc -E  conftest.c
configure:3886: $? = 0
configure:3900: gcc -E  conftest.c
conftest.c:10:10: fatal error: 'ac_nonexistent.h' file not found
#include <ac_nonexistent.h>
         ^~~~~~~~~~~~~~~~~~
1 error generated.
configure:3900: $? = 1
configure: failed program was:
| /* confdefs.h */
| #define PACKAGE_NAME ""
| #define PACKAGE_TARNAME ""
| #define PACKAGE_VERSION ""
| #define PACKAGE_STRING ""
| #define PACKAGE_BUGREPORT ""
| #define PACKAGE_URL ""
| #define HAVE_SYS_WAIT_H 1
| /* end confdefs.h.  */
| #include <ac_nonexistent.h>
configure:3925: result: gcc -E
configure:3945: gcc -E  conftest.c
configure:3945: $? = 0
configure:3959: gcc -E  conftest.c
conftest.c:10:10: fatal error: 'ac_nonexistent.h' file not found
#include <ac_nonexistent.h>
         ^~~~~~~~~~~~~~~~~~
1 error generated.
configure:3959: $? = 1
configure: failed program was:
| /* confdefs.h */
| #define PACKAGE_NAME ""
| #define PACKAGE_TARNAME ""
| #define PACKAGE_VERSION ""
| #define PACKAGE_STRING ""
| #define PACKAGE_BUGREPORT ""
| #define PACKAGE_URL ""
| #define HAVE_SYS_WAIT_H 1
| /* end confdefs.h.  */
| #include <ac_nonexistent.h>
configure:3988: checking for grep that handles long lines and -e
configure:4046: result: /usr/bin/grep
configure:4051: checking for egrep
configure:4113: result: /usr/bin/grep -E
configure:4118: checking for ANSI C header files
configure:4138: gcc -c -O4 -fPIC  conftest.c >&5
clang: warning: -O4 is equivalent to -O3 [-Wdeprecated]
configure:4138: $? = 0
configure:4211: gcc -o conftest -O4 -fPIC   conftest.c  >&5
clang: warning: -O4 is equivalent to -O3 [-Wdeprecated]
configure:4211: $? = 0
configure:4211: ./conftest
configure:4211: $? = 0
configure:4222: result: yes
configure:4235: checking for sys/types.h
configure:4235: gcc -c -O4 -fPIC  conftest.c >&5
clang: warning: -O4 is equivalent to -O3 [-Wdeprecated]
configure:4235: $? = 0
configure:4235: result: yes
configure:4235: checking for sys/stat.h
configure:4235: gcc -c -O4 -fPIC  conftest.c >&5
clang: warning: -O4 is equivalent to -O3 [-Wdeprecated]
configure:4235: $? = 0
configure:4235: result: yes
configure:4235: checking for stdlib.h
configure:4235: gcc -c -O4 -fPIC  conftest.c >&5
clang: warning: -O4 is equivalent to -O3 [-Wdeprecated]
configure:4235: $? = 0
configure:4235: result: yes
configure:4235: checking for string.h
configure:4235: gcc -c -O4 -fPIC  conftest.c >&5
clang: warning: -O4 is equivalent to -O3 [-Wdeprecated]
configure:4235: $? = 0
configure:4235: result: yes
configure:4235: checking for memory.h
configure:4235: gcc -c -O4 -fPIC  conftest.c >&5
clang: warning: -O4 is equivalent to -O3 [-Wdeprecated]
configure:4235: $? = 0
configure:4235: result: yes
configure:4235: checking for strings.h
configure:4235: gcc -c -O4 -fPIC  conftest.c >&5
clang: warning: -O4 is equivalent to -O3 [-Wdeprecated]
configure:4235: $? = 0
configure:4235: result: yes
configure:4235: checking for inttypes.h
configure:4235: gcc -c -O4 -fPIC  conftest.c >&5
clang: warning: -O4 is equivalent to -O3 [-Wdeprecated]
configure:4235: $? = 0
configure:4235: result: yes
configure:4235: checking for stdint.h
configure:4235: gcc -c -O4 -fPIC  conftest.c >&5
clang: warning: -O4 is equivalent to -O3 [-Wdeprecated]
configure:4235: $? = 0
configure:4235: result: yes
configure:4235: checking for unistd.h
configure:4235: gcc -c -O4 -fPIC  conftest.c >&5
clang: warning: -O4 is equivalent to -O3 [-Wdeprecated]
configure:4235: $? = 0
configure:4235: result: yes
configure:4250: checking signal.h usability
configure:4250: gcc -c -O4 -fPIC  conftest.c >&5
clang: warning: -O4 is equivalent to -O3 [-Wdeprecated]
configure:4250: $? = 0
configure:4250: result: yes
configure:4250: checking signal.h presence
configure:4250: gcc -E  conftest.c
configure:4250: $? = 0
configure:4250: result: yes
configure:4250: checking for signal.h
configure:4250: result: yes
configure:4250: checking stddef.h usability
configure:4250: gcc -c -O4 -fPIC  conftest.c >&5
clang: warning: -O4 is equivalent to -O3 [-Wdeprecated]
configure:4250: $? = 0
configure:4250: result: yes
configure:4250: checking stddef.h presence
configure:4250: gcc -E  conftest.c
configure:4250: $? = 0
configure:4250: result: yes
configure:4250: checking for stddef.h
configure:4250: result: yes
configure:4250: checking for unistd.h
configure:4250: result: yes
configure:4250: checking for sys/types.h
configure:4250: result: yes
configure:4250: checking for sys/wait.h
configure:4250: result: yes
configure:4250: checking for stdlib.h
configure:4250: result: yes
configure:4250: checking for string.h
configure:4250: result: yes
configure:4250: checking errno.h usability
configure:4250: gcc -c -O4 -fPIC  conftest.c >&5
clang: warning: -O4 is equivalent to -O3 [-Wdeprecated]
configure:4250: $? = 0
configure:4250: result: yes
configure:4250: checking errno.h presence
configure:4250: gcc -E  conftest.c
configure:4250: $? = 0
configure:4250: result: yes
configure:4250: checking for errno.h
configure:4250: result: yes
configure:4250: checking pthread.h usability
configure:4250: gcc -c -O4 -fPIC  conftest.c >&5
clang: warning: -O4 is equivalent to -O3 [-Wdeprecated]
configure:4250: $? = 0
configure:4250: result: yes
configure:4250: checking pthread.h presence
configure:4250: gcc -E  conftest.c
configure:4250: $? = 0
configure:4250: result: yes
configure:4250: checking for pthread.h
configure:4250: result: yes
configure:4315: checking for pid_t
configure:4315: gcc -c -O4 -fPIC  conftest.c >&5
clang: warning: -O4 is equivalent to -O3 [-Wdeprecated]
configure:4315: $? = 0
configure:4315: gcc -c -O4 -fPIC  conftest.c >&5
clang: warning: -O4 is equivalent to -O3 [-Wdeprecated]
conftest.c:65:20: error: expected expression
if (sizeof ((pid_t)))
                   ^
1 error generated.
configure:4315: $? = 1
configure: failed program was:
| /* confdefs.h */
| #define PACKAGE_NAME ""
| #define PACKAGE_TARNAME ""
| #define PACKAGE_VERSION ""
| #define PACKAGE_STRING ""
| #define PACKAGE_BUGREPORT ""
| #define PACKAGE_URL ""
| #define HAVE_SYS_WAIT_H 1
| #define STDC_HEADERS 1
| #define HAVE_SYS_TYPES_H 1
| #define HAVE_SYS_STAT_H 1
| #define HAVE_STDLIB_H 1
| #define HAVE_STRING_H 1
| #define HAVE_MEMORY_H 1
| #define HAVE_STRINGS_H 1
| #define HAVE_INTTYPES_H 1
| #define HAVE_STDINT_H 1
| #define HAVE_UNISTD_H 1
| #define HAVE_SIGNAL_H 1
| #define HAVE_STDDEF_H 1
| #define HAVE_UNISTD_H 1
| #define HAVE_SYS_TYPES_H 1
| #define HAVE_SYS_WAIT_H 1
| #define HAVE_STDLIB_H 1
| #define HAVE_STRING_H 1
| #define HAVE_ERRNO_H 1
| #define HAVE_PTHREAD_H 1
| /* end confdefs.h.  */
| #include <stdio.h>
| #ifdef HAVE_SYS_TYPES_H
| # include <sys/types.h>
| #endif
| #ifdef HAVE_SYS_STAT_H
| # include <sys/stat.h>
| #endif
| #ifdef STDC_HEADERS
| # include <stdlib.h>
| # include <stddef.h>
| #else
| # ifdef HAVE_STDLIB_H
| #  include <stdlib.h>
| # endif
| #endif
| #ifdef HAVE_STRING_H
| # if !defined STDC_HEADERS && defined HAVE_MEMORY_H
| #  include <memory.h>
| # endif
| # include <string.h>
| #endif
| #ifdef HAVE_STRINGS_H
| # include <strings.h>
| #endif
| #ifdef HAVE_INTTYPES_H
| # include <inttypes.h>
| #endif
| #ifdef HAVE_STDINT_H
| # include <stdint.h>
| #endif
| #ifdef HAVE_UNISTD_H
| # include <unistd.h>
| #endif
| int
| main ()
| {
| if (sizeof ((pid_t)))
| 	    return 0;
|   ;
|   return 0;
| }
configure:4315: result: yes
configure:4333: checking if malloc is declared in stdlib.h or malloc.h
configure:4364: result: 1
configure:4367: checking if ftell is declared in stdio.h
configure:4383: result: 1
configure:4386: checking if fdopen is declared in stdio.h
configure:4402: result: 1
configure:4405: checking if popen is declared in stdio.h
configure:4421: result: 1
configure:4424: checking if putenv is declared in stdlib.h
configure:4440: result: 1
configure:4443: checking if setenv is declared in stdlib.h
configure:4459: result: 1
configure:4462: checking if INFINITY is declared in math.h
configure:4482: result: 1
configure:4489: checking size of int
configure:4494: gcc -o conftest -O4 -fPIC   conftest.c  >&5
clang: warning: -O4 is equivalent to -O3 [-Wdeprecated]
configure:4494: $? = 0
configure:4494: ./conftest
configure:4494: $? = 0
configure:4508: result: 4
configure:4523: checking size of long
configure:4528: gcc -o conftest -O4 -fPIC   conftest.c  >&5
clang: warning: -O4 is equivalent to -O3 [-Wdeprecated]
configure:4528: $? = 0
configure:4528: ./conftest
configure:4528: $? = 0
configure:4542: result: 8
configure:4557: checking size of long long
configure:4562: gcc -o conftest -O4 -fPIC   conftest.c  >&5
clang: warning: -O4 is equivalent to -O3 [-Wdeprecated]
configure:4562: $? = 0
configure:4562: ./conftest
configure:4562: $? = 0
configure:4576: result: 8
configure:4591: checking size of void*
configure:4596: gcc -o conftest -O4 -fPIC   conftest.c  >&5
clang: warning: -O4 is equivalent to -O3 [-Wdeprecated]
configure:4596: $? = 0
configure:4596: ./conftest
configure:4596: $? = 0
configure:4610: result: 8
configure:4625: checking size of __int128
configure:4630: gcc -o conftest -O4 -fPIC   conftest.c  >&5
clang: warning: -O4 is equivalent to -O3 [-Wdeprecated]
configure:4630: $? = 0
configure:4630: ./conftest
configure:4630: $? = 0
configure:4644: result: 16
configure:4659: checking size of __int128_t
configure:4664: gcc -o conftest -O4 -fPIC   conftest.c  >&5
clang: warning: -O4 is equivalent to -O3 [-Wdeprecated]
configure:4664: $? = 0
configure:4664: ./conftest
configure:4664: $? = 0
configure:4678: result: 16
configure:4705: checking for isatty
configure:4705: gcc -o conftest -O4 -fPIC   conftest.c  >&5
clang: warning: -O4 is equivalent to -O3 [-Wdeprecated]
configure:4705: $? = 0
configure:4705: result: yes
configure:4713: checking for time
configure:4713: gcc -o conftest -O4 -fPIC   conftest.c  >&5
clang: warning: -O4 is equivalent to -O3 [-Wdeprecated]
configure:4713: $? = 0
configure:4713: result: yes
configure:4721: checking for gettimeofday
configure:4721: gcc -o conftest -O4 -fPIC   conftest.c  >&5
clang: warning: -O4 is equivalent to -O3 [-Wdeprecated]
configure:4721: $? = 0
configure:4721: result: yes
configure:4729: checking for times
configure:4729: gcc -o conftest -O4 -fPIC   conftest.c  >&5
clang: warning: -O4 is equivalent to -O3 [-Wdeprecated]
configure:4729: $? = 0
configure:4729: result: yes
configure:4737: checking for getrusage
configure:4737: gcc -o conftest -O4 -fPIC   conftest.c  >&5
clang: warning: -O4 is equivalent to -O3 [-Wdeprecated]
configure:4737: $? = 0
configure:4737: result: yes
configure:4745: checking for perror
configure:4745: gcc -o conftest -O4 -fPIC   conftest.c  >&5
clang: warning: -O4 is equivalent to -O3 [-Wdeprecated]
configure:4745: $? = 0
configure:4745: result: yes
configure:4753: checking for pipe
configure:4753: gcc -o conftest -O4 -fPIC   conftest.c  >&5
clang: warning: -O4 is equivalent to -O3 [-Wdeprecated]
configure:4753: $? = 0
configure:4753: result: yes
configure:4761: checking for wait
configure:4761: gcc -o conftest -O4 -fPIC   conftest.c  >&5
clang: warning: -O4 is equivalent to -O3 [-Wdeprecated]
configure:4761: $? = 0
configure:4761: result: yes
configure:4769: checking for popen
configure:4769: gcc -o conftest -O4 -fPIC   conftest.c  >&5
clang: warning: -O4 is equivalent to -O3 [-Wdeprecated]
configure:4769: $? = 0
configure:4769: result: yes
configure:4777: checking for putenv
configure:4777: gcc -o conftest -O4 -fPIC   conftest.c  >&5
clang: warning: -O4 is equivalent to -O3 [-Wdeprecated]
configure:4777: $? = 0
configure:4777: result: yes
configure:4785: checking for setenv
configure:4785: gcc -o conftest -O4 -fPIC   conftest.c  >&5
clang: warning: -O4 is equivalent to -O3 [-Wdeprecated]
configure:4785: $? = 0
configure:4785: result: yes
configure:4795: checking vfork.h usability
configure:4795: gcc -c -O4 -fPIC  conftest.c >&5
clang: warning: -O4 is equivalent to -O3 [-Wdeprecated]
conftest.c:68:10: fatal error: 'vfork.h' file not found
#include <vfork.h>
         ^~~~~~~~~
1 error generated.
configure:4795: $? = 1
configure: failed program was:
| /* confdefs.h */
| #define PACKAGE_NAME ""
| #define PACKAGE_TARNAME ""
| #define PACKAGE_VERSION ""
| #define PACKAGE_STRING ""
| #define PACKAGE_BUGREPORT ""
| #define PACKAGE_URL ""
| #define HAVE_SYS_WAIT_H 1
| #define STDC_HEADERS 1
| #define HAVE_SYS_TYPES_H 1
| #define HAVE_SYS_STAT_H 1
| #define HAVE_STDLIB_H 1
| #define HAVE_STRING_H 1
| #define HAVE_MEMORY_H 1
| #define HAVE_STRINGS_H 1
| #define HAVE_INTTYPES_H 1
| #define HAVE_STDINT_H 1
| #define HAVE_UNISTD_H 1
| #define HAVE_SIGNAL_H 1
| #define HAVE_STDDEF_H 1
| #define HAVE_UNISTD_H 1
| #define HAVE_SYS_TYPES_H 1
| #define HAVE_SYS_WAIT_H 1
| #define HAVE_STDLIB_H 1
| #define HAVE_STRING_H 1
| #define HAVE_ERRNO_H 1
| #define HAVE_PTHREAD_H 1
| #define SIZEOF_INT 4
| #define SIZEOF_LONG 8
| #define SIZEOF_LONG_LONG 8
| #define SIZEOF_VOIDP 8
| #define SIZEOF___INT128 16
| #define SIZEOF___INT128_T 16
| /* end confdefs.h.  */
| #include <stdio.h>
| #ifdef HAVE_SYS_TYPES_H
| # include <sys/types.h>
| #endif
| #ifdef HAVE_SYS_STAT_H
| # include <sys/stat.h>
| #endif
| #ifdef STDC_HEADERS
| # include <stdlib.h>
| # include <stddef.h>
| #else
| # ifdef HAVE_STDLIB_H
| #  include <stdlib.h>
| # endif
| #endif
| #ifdef HAVE_STRING_H
| # if !defined STDC_HEADERS && defined HAVE_MEMORY_H
| #  include <memory.h>
| # endif
| # include <string.h>
| #endif
| #ifdef HAVE_STRINGS_H
| # include <strings.h>
| #endif
| #ifdef HAVE_INTTYPES_H
| # include <inttypes.h>
| #endif
| #ifdef HAVE_STDINT_H
| # include <stdint.h>
| #endif
| #ifdef HAVE_UNISTD_H
| # include <unistd.h>
| #endif
| #include <vfork.h>
configure:4795: result: no
configure:4795: checking vfork.h presence
configure:4795: gcc -E  conftest.c
conftest.c:35:10: fatal error: 'vfork.h' file not found
#include <vfork.h>
         ^~~~~~~~~
1 error generated.
configure:4795: $? = 1
configure: failed program was:
| /* confdefs.h */
| #define PACKAGE_NAME ""
| #define PACKAGE_TARNAME ""
| #define PACKAGE_VERSION ""
| #define PACKAGE_STRING ""
| #define PACKAGE_BUGREPORT ""
| #define PACKAGE_URL ""
| #define HAVE_SYS_WAIT_H 1
| #define STDC_HEADERS 1
| #define HAVE_SYS_TYPES_H 1
| #define HAVE_SYS_STAT_H 1
| #define HAVE_STDLIB_H 1
| #define HAVE_STRING_H 1
| #define HAVE_MEMORY_H 1
| #define HAVE_STRINGS_H 1
| #define HAVE_INTTYPES_H 1
| #define HAVE_STDINT_H 1
| #define HAVE_UNISTD_H 1
| #define HAVE_SIGNAL_H 1
| #define HAVE_STDDEF_H 1
| #define HAVE_UNISTD_H 1
| #define HAVE_SYS_TYPES_H 1
| #define HAVE_SYS_WAIT_H 1
| #define HAVE_STDLIB_H 1
| #define HAVE_STRING_H 1
| #define HAVE_ERRNO_H 1
| #define HAVE_PTHREAD_H 1
| #define SIZEOF_INT 4
| #define SIZEOF_LONG 8
| #define SIZEOF_LONG_LONG 8
| #define SIZEOF_VOIDP 8
| #define SIZEOF___INT128 16
| #define SIZEOF___INT128_T 16
| /* end confdefs.h.  */
| #include <vfork.h>
configure:4795: result: no
configure:4795: checking for vfork.h
configure:4795: result: no
configure:4808: checking for fork
configure:4808: gcc -o conftest -O4 -fPIC   conftest.c  >&5
clang: warning: -O4 is equivalent to -O3 [-Wdeprecated]
configure:4808: $? = 0
configure:4808: result: yes
configure:4808: checking for vfork
configure:4808: gcc -o conftest -O4 -fPIC   conftest.c  >&5
clang: warning: -O4 is equivalent to -O3 [-Wdeprecated]
conftest.c:59:6: warning: incompatible redeclaration of library function 'vfork' [-Wincompatible-library-redeclaration]
char vfork ();
     ^
conftest.c:59:6: note: 'vfork' is a builtin with type 'int (void)'
1 warning generated.
configure:4808: $? = 0
configure:4808: result: yes
configure:4818: checking for working fork
configure:4840: gcc -o conftest -O4 -fPIC   conftest.c  >&5
clang: warning: -O4 is equivalent to -O3 [-Wdeprecated]
configure:4840: $? = 0
configure:4840: ./conftest
configure:4840: $? = 0
configure:4850: result: yes
configure:4871: checking for working vfork
configure:4981: result: yes
configure:5013: checking for fseeko
configure:5013: gcc -o conftest -O4 -fPIC   conftest.c  >&5
clang: warning: -O4 is equivalent to -O3 [-Wdeprecated]
configure:5013: $? = 0
configure:5013: result: yes
configure:5021: checking for sigaction
configure:5021: gcc -o conftest -O4 -fPIC   conftest.c  >&5
clang: warning: -O4 is equivalent to -O3 [-Wdeprecated]
configure:5021: $? = 0
configure:5021: result: yes
configure:5029: checking for sigprocmask
configure:5029: gcc -o conftest -O4 -fPIC   conftest.c  >&5
clang: warning: -O4 is equivalent to -O3 [-Wdeprecated]
configure:5029: $? = 0
configure:5029: result: yes
configure:5038: checking if popcnt instruction is available and requested
configure:5051: result: 1
configure:5098: checking if __builtin_popcount() is supported
configure:5104: gcc -o conftest -O4 -fPIC -mpopcnt   conftest.c  >&5
clang: warning: -O4 is equivalent to -O3 [-Wdeprecated]
configure:5104: $? = 0
configure:5111: result: 1
configure:5113: checking if __builtin_popcountl() is supported
configure:5119: gcc -o conftest -O4 -fPIC -mpopcnt   conftest.c  >&5
clang: warning: -O4 is equivalent to -O3 [-Wdeprecated]
configure:5119: $? = 0
configure:5126: result: 1
configure:5128: checking if __builtin_popcountll() is supported
configure:5134: gcc -o conftest -O4 -fPIC -mpopcnt   conftest.c  >&5
clang: warning: -O4 is equivalent to -O3 [-Wdeprecated]
configure:5134: $? = 0
configure:5141: result: 1
configure:5164: checking if gcc supports -march=native
configure:5174: gcc -c -O4 -fPIC -march=native  conftest.c >&5
clang: warning: -O4 is equivalent to -O3 [-Wdeprecated]
configure:5174: $? = 0
configure:5180: result: yes
configure:5228: checking if __builtin_clz() is supported
configure:5234: gcc -o conftest -O4 -fPIC   conftest.c  >&5
clang: warning: -O4 is equivalent to -O3 [-Wdeprecated]
configure:5234: $? = 0
configure:5241: result: 1
configure:5243: checking if __builtin_clzl() is supported
configure:5249: gcc -o conftest -O4 -fPIC   conftest.c  >&5
clang: warning: -O4 is equivalent to -O3 [-Wdeprecated]
configure:5249: $? = 0
configure:5256: result: 1
configure:5258: checking if __builtin_clzll() is supported
configure:5264: gcc -o conftest -O4 -fPIC   conftest.c  >&5
clang: warning: -O4 is equivalent to -O3 [-Wdeprecated]
configure:5264: $? = 0
configure:5271: result: 1
configure:5286: checking for pthread_create
configure:5286: gcc -o conftest -O4 -fPIC   conftest.c  >&5
clang: warning: -O4 is equivalent to -O3 [-Wdeprecated]
configure:5286: $? = 0
configure:5286: result: yes
configure:5296: checking for pthread_create in -lpthread
configure:5321: gcc -o conftest -O4 -fPIC   conftest.c -lpthread   >&5
clang: warning: -O4 is equivalent to -O3 [-Wdeprecated]
configure:5321: $? = 0
configure:5330: result: yes
configure:5358: checking for getc_unlocked
configure:5358: gcc -o conftest -O4 -fPIC   conftest.c  >&5
clang: warning: -O4 is equivalent to -O3 [-Wdeprecated]
configure:5358: $? = 0
configure:5358: result: yes
configure:5365: checking for flockfile
configure:5365: gcc -o conftest -O4 -fPIC   conftest.c  >&5
clang: warning: -O4 is equivalent to -O3 [-Wdeprecated]
configure:5365: $? = 0
configure:5365: result: yes
configure:5499: checking for gsort
configure:5529: result: no
configure:5499: checking for sort
configure:5515: found /usr/bin/sort
configure:5526: result: sort
configure:5540: checking if sort supports the -k switch
configure:5548: result: 1
configure:5706: creating ./config.status

## ---------------------- ##
## Running config.status. ##
## ---------------------- ##

This file was extended by config.status, which was
generated by GNU Autoconf 2.69.  Invocation command line was

  CONFIG_FILES    = 
  CONFIG_HEADERS  = 
  CONFIG_LINKS    = 
  CONFIG_COMMANDS = 
  $ ./config.status 

on MacBook-Pro-de-VAYER.local

config.status:799: creating makefile
config.status:799: creating nauty.h
config.status:799: creating naututil.h
config.status:799: creating gtools.h

## ---------------- ##
## Cache variables. ##
## ---------------- ##

ac_cv_build=x86_64-apple-darwin16.7.0
ac_cv_c_compiler_gnu=yes
ac_cv_env_CC_set=
ac_cv_env_CC_value=
ac_cv_env_CFLAGS_set=set
ac_cv_env_CFLAGS_value='-O4 -fPIC'
ac_cv_env_CPPFLAGS_set=
ac_cv_env_CPPFLAGS_value=
ac_cv_env_CPP_set=
ac_cv_env_CPP_value=
ac_cv_env_LDFLAGS_set=
ac_cv_env_LDFLAGS_value=
ac_cv_env_LIBS_set=
ac_cv_env_LIBS_value=
ac_cv_env_build_alias_set=
ac_cv_env_build_alias_value=
ac_cv_env_host_alias_set=
ac_cv_env_host_alias_value=
ac_cv_env_target_alias_set=
ac_cv_env_target_alias_value=
ac_cv_func_flockfile=yes
ac_cv_func_fork=yes
ac_cv_func_fork_works=yes
ac_cv_func_fseeko=yes
ac_cv_func_getc_unlocked=yes
ac_cv_func_getrusage=yes
ac_cv_func_gettimeofday=yes
ac_cv_func_isatty=yes
ac_cv_func_perror=yes
ac_cv_func_pipe=yes
ac_cv_func_popen=yes
ac_cv_func_pthread_create=yes
ac_cv_func_putenv=yes
ac_cv_func_setenv=yes
ac_cv_func_sigaction=yes
ac_cv_func_sigprocmask=yes
ac_cv_func_time=yes
ac_cv_func_times=yes
ac_cv_func_vfork=yes
ac_cv_func_vfork_works=yes
ac_cv_func_wait=yes
ac_cv_header_errno_h=yes
ac_cv_header_inttypes_h=yes
ac_cv_header_memory_h=yes
ac_cv_header_pthread_h=yes
ac_cv_header_signal_h=yes
ac_cv_header_stdc=yes
ac_cv_header_stddef_h=yes
ac_cv_header_stdint_h=yes
ac_cv_header_stdlib_h=yes
ac_cv_header_string_h=yes
ac_cv_header_strings_h=yes
ac_cv_header_sys_stat_h=yes
ac_cv_header_sys_types_h=yes
ac_cv_header_sys_wait_h=yes
ac_cv_header_unistd_h=yes
ac_cv_header_vfork_h=no
ac_cv_host=x86_64-apple-darwin16.7.0
ac_cv_lib_pthread_pthread_create=yes
ac_cv_native_ok=yes
ac_cv_objext=o
ac_cv_path_EGREP='/usr/bin/grep -E'
ac_cv_path_GREP=/usr/bin/grep
ac_cv_prog_CPP='gcc -E'
ac_cv_prog_ac_ct_CC=gcc
ac_cv_prog_cc_c89=
ac_cv_prog_cc_g=yes
ac_cv_prog_sort_prog=sort
ac_cv_sizeof___int128=16
ac_cv_sizeof___int128_t=16
ac_cv_sizeof_int=4
ac_cv_sizeof_long=8
ac_cv_sizeof_long_long=8
ac_cv_sizeof_voidp=8
ac_cv_sys_file_offset_bits=0
ac_cv_sys_largefile_CC=no
ac_cv_tls=
ac_cv_type_pid_t=yes

## ----------------- ##
## Output variables. ##
## ----------------- ##

CC='gcc'
CFLAGS='-O4 -fPIC'
CPP='gcc -E'
CPPFLAGS=''
DEFS='-DPACKAGE_NAME=\"\" -DPACKAGE_TARNAME=\"\" -DPACKAGE_VERSION=\"\" -DPACKAGE_STRING=\"\" -DPACKAGE_BUGREPORT=\"\" -DPACKAGE_URL=\"\" -DHAVE_SYS_WAIT_H=1 -DSTDC_HEADERS=1 -DHAVE_SYS_TYPES_H=1 -DHAVE_SYS_STAT_H=1 -DHAVE_STDLIB_H=1 -DHAVE_STRING_H=1 -DHAVE_MEMORY_H=1 -DHAVE_STRINGS_H=1 -DHAVE_INTTYPES_H=1 -DHAVE_STDINT_H=1 -DHAVE_UNISTD_H=1 -DHAVE_SIGNAL_H=1 -DHAVE_STDDEF_H=1 -DHAVE_UNISTD_H=1 -DHAVE_SYS_TYPES_H=1 -DHAVE_SYS_WAIT_H=1 -DHAVE_STDLIB_H=1 -DHAVE_STRING_H=1 -DHAVE_ERRNO_H=1 -DHAVE_PTHREAD_H=1 -DSIZEOF_INT=4 -DSIZEOF_LONG=8 -DSIZEOF_LONG_LONG=8 -DSIZEOF_VOIDP=8 -DSIZEOF___INT128=16 -DSIZEOF___INT128_T=16 -DHAVE_FORK=1 -DHAVE_VFORK=1 -DHAVE_WORKING_VFORK=1 -DHAVE_WORKING_FORK=1'
ECHO_C='\c'
ECHO_N=''
ECHO_T=''
EGREP='/usr/bin/grep -E'
EXEEXT=''
GREP='/usr/bin/grep'
LDFLAGS=''
LIBOBJS=''
LIBS=''
LTLIBOBJS=''
MORECFLAGS=' -mpopcnt -march=native'
OBJEXT='o'
PACKAGE_BUGREPORT=''
PACKAGE_NAME=''
PACKAGE_STRING=''
PACKAGE_TARNAME=''
PACKAGE_URL=''
PACKAGE_VERSION=''
PATH_SEPARATOR=':'
SHELL='/bin/sh'
ac_ct_CC='gcc'
ac_cv_sizeof___int128='16'
ac_cv_sizeof___int128_t='16'
ac_cv_sizeof_int='4'
ac_cv_sizeof_long='8'
ac_cv_sizeof_long_long='8'
ac_cv_sizeof_voidp='8'
ac_cv_sys_file_offset_bits='0'
ac_cv_tls=''
allow_interrupt='1'
bindir='${exec_prefix}/bin'
build='x86_64-apple-darwin16.7.0'
build_alias=''
build_cpu='x86_64'
build_os='darwin16.7.0'
build_vendor='apple'
datadir='${datarootdir}'
datarootdir='${prefix}/share'
default_wordsize='0'
docdir='${datarootdir}/doc/${PACKAGE}'
dvidir='${docdir}'
edit_msg='++++++ This file is automatically generated, don'\''t edit it by hand! ++++++'
exec_prefix='${prefix}'
fdopen_dec='1'
ftell_dec='1'
has_math_inf='1'
have_ansicontrols='0'
have_clz='1'
have_clzl='1'
have_clzll='1'
have_fork='1'
have_fseeko='1'
have_getrusage='1'
have_gettimeofday='1'
have_hwpopcnt='1'
have_isatty='1'
have_mmpop32='0'
have_mmpop64='0'
have_perror='1'
have_pid_t='1'
have_pipe='1'
have_popcnt='1'
have_popcntl='1'
have_popcntll='1'
have_popen='1'
have_pthread='1'
have_putenv='1'
have_setenv='1'
have_sigaction='1'
have_sigprocmask='1'
have_time='1'
have_times='1'
have_tls='0'
have_wait='1'
header_errno_h='1'
header_pthread_h='1'
header_signal_h='1'
header_stddef_h='1'
header_stdlib_h='1'
header_string_h='1'
header_sys_types_h='1'
header_sys_wait_h='1'
header_unistd_h='1'
host='x86_64-apple-darwin16.7.0'
host_alias=''
host_cpu='x86_64'
host_os='darwin16.7.0'
host_vendor='apple'
htmldir='${docdir}'
includedir='${prefix}/include'
infodir='${datarootdir}/info'
libdir='${exec_prefix}/lib'
libexecdir='${exec_prefix}/libexec'
localedir='${datarootdir}/locale'
localstatedir='${prefix}/var'
lok='1'
malloc_dec='1'
mandir='${datarootdir}/man'
oldincludedir='/usr/include'
pdfdir='${docdir}'
popen_dec='1'
prefix='/usr/local'
program_transform_name='s,x,x,'
psdir='${docdir}'
putenv_dec='1'
sbindir='${exec_prefix}/sbin'
setenv_dec='1'
sharedstatedir='${prefix}/com'
shortg_or_null='shortg'
sort_newparams_ok='1'
sort_prog='sort'
stdio_nolock='1'
sysconfdir='${prefix}/etc'
target_alias=''
testprogs='dreadtest dreadtestS dreadtestS1 dreadtest4K dreadtest1 dreadtestW dreadtestW1 dreadtestL1 dreadtestL'
threadlib='-lpthread'

## ----------- ##
## confdefs.h. ##
## ----------- ##

/* confdefs.h */
#define PACKAGE_NAME ""
#define PACKAGE_TARNAME ""
#define PACKAGE_VERSION ""
#define PACKAGE_STRING ""
#define PACKAGE_BUGREPORT ""
#define PACKAGE_URL ""
#define HAVE_SYS_WAIT_H 1
#define STDC_HEADERS 1
#define HAVE_SYS_TYPES_H 1
#define HAVE_SYS_STAT_H 1
#define HAVE_STDLIB_H 1
#define HAVE_STRING_H 1
#define HAVE_MEMORY_H 1
#define HAVE_STRINGS_H 1
#define HAVE_INTTYPES_H 1
#define HAVE_STDINT_H 1
#define HAVE_UNISTD_H 1
#define HAVE_SIGNAL_H 1
#define HAVE_STDDEF_H 1
#define HAVE_UNISTD_H 1
#define HAVE_SYS_TYPES_H 1
#define HAVE_SYS_WAIT_H 1
#define HAVE_STDLIB_H 1
#define HAVE_STRING_H 1
#define HAVE_ERRNO_H 1
#define HAVE_PTHREAD_H 1
#define SIZEOF_INT 4
#define SIZEOF_LONG 8
#define SIZEOF_LONG_LONG 8
#define SIZEOF_VOIDP 8
#define SIZEOF___INT128 16
#define SIZEOF___INT128_T 16
#define HAVE_FORK 1
#define HAVE_VFORK 1
#define HAVE_WORKING_VFORK 1
#define HAVE_WORKING_FORK 1

configure: exit 0
