This file contains any messages produced by compilers while
running configure, to aid debugging if configure makes a mistake.

It was created by configure, which was
generated by GNU Autoconf 2.69.  Invocation command line was

  $ ./configure CFLAGS=-O4 -fPIC

## --------- ##
## Platform. ##
## --------- ##

hostname = MacBook-Pro-de-VAYER.local
uname -m = x86_64
uname -r = 15.6.0
uname -s = Darwin
uname -v = Darwin Kernel Version 15.6.0: Thu Jun 21 20:07:40 PDT 2018; root:xnu-3248.73.11~1/RELEASE_X86_64

/usr/bin/uname -p = i386
/bin/uname -X     = unknown

/bin/arch              = unknown
/usr/bin/arch -k       = unknown
/usr/convex/getsysinfo = unknown
/usr/bin/hostinfo      = Mach kernel version:
	 Darwin Kernel Version 15.6.0: Thu Jun 21 20:07:40 PDT 2018; root:xnu-3248.73.11~1/RELEASE_X86_64
Kernel configured for up to 4 processors.
2 processors are physically available.
4 processors are logically available.
Processor type: x86_64h (Intel x86-64h Haswell)
Processors active: 0 1 2 3
Primary memory available: 8.00 gigabytes
Default processor set: 237 tasks, 1076 threads, 4 processors
Load average: 1.83, Mach factor: 2.16
/bin/machine           = unknown
/usr/bin/oslevel       = unknown
/bin/universe          = unknown

PATH: //anaconda/bin
PATH: /Library/Frameworks/Python.framework/Versions/3.5/bin
PATH: /usr/local/bin
PATH: /usr/bin
PATH: /bin
PATH: /usr/sbin
PATH: /sbin
PATH: /opt/X11/bin
PATH: /Library/TeX/texbin


## ----------- ##
## Core tests. ##
## ----------- ##

configure:2553: checking build system type
configure:2567: result: x86_64-apple-darwin15.6.0
configure:2587: checking host system type
configure:2600: result: x86_64-apple-darwin15.6.0
configure:2684: checking for gcc
configure:2700: found /usr/bin/gcc
configure:2711: result: gcc
configure:2940: checking for C compiler version
configure:2949: gcc --version >&5
Apple LLVM version 8.0.0 (clang-800.0.42.1)
Target: x86_64-apple-darwin15.6.0
Thread model: posix
InstalledDir: /Library/Developer/CommandLineTools/usr/bin
Configured with: --prefix=/Library/Developer/CommandLineTools/usr --with-gxx-include-dir=/usr/include/c++/4.2.1
configure:2960: $? = 0
configure:2949: gcc -v >&5
Configured with: --prefix=/Library/Developer/CommandLineTools/usr --with-gxx-include-dir=/usr/include/c++/4.2.1
Apple LLVM version 8.0.0 (clang-800.0.42.1)
Target: x86_64-apple-darwin15.6.0
Thread model: posix
InstalledDir: /Library/Developer/CommandLineTools/usr/bin
configure:2960: $? = 0
configure:2949: gcc -V >&5
clang: error: argument to '-V' is missing (expected 1 value)
clang: error: no input files
configure:2960: $? = 1
configure:2949: gcc -qversion >&5
clang: error: unknown argument: '-qversion'
clang: error: no input files
configure:2960: $? = 1
configure:2980: checking whether the C compiler works
configure:3002: gcc -O4 -fPIC   conftest.c  >&5
clang: warning: -O4 is equivalent to -O3
configure:3006: $? = 0
configure:3054: result: yes
configure:3057: checking for C compiler default output file name
configure:3059: result: a.out
configure:3065: checking for suffix of executables
configure:3072: gcc -o conftest -O4 -fPIC   conftest.c  >&5
clang: warning: -O4 is equivalent to -O3
configure:3076: $? = 0
configure:3098: result: 
configure:3120: checking whether we are cross compiling
configure:3128: gcc -o conftest -O4 -fPIC   conftest.c  >&5
clang: warning: -O4 is equivalent to -O3
configure:3132: $? = 0
configure:3139: ./conftest
configure:3143: $? = 0
configure:3158: result: no
configure:3163: checking for suffix of object files
configure:3185: gcc -c -O4 -fPIC  conftest.c >&5
clang: warning: -O4 is equivalent to -O3
configure:3189: $? = 0
configure:3210: result: o
configure:3214: checking whether we are using the GNU C compiler
configure:3233: gcc -c -O4 -fPIC  conftest.c >&5
clang: warning: -O4 is equivalent to -O3
configure:3233: $? = 0
configure:3242: result: yes
configure:3251: checking whether gcc accepts -g
configure:3271: gcc -c -g  conftest.c >&5
configure:3271: $? = 0
configure:3312: result: yes
configure:3329: checking for gcc option to accept ISO C89
configure:3392: gcc  -c -O4 -fPIC  conftest.c >&5
clang: warning: -O4 is equivalent to -O3
configure:3392: $? = 0
configure:3405: result: none needed
configure:3435: checking for special C compiler options needed for large files
configure:3480: result: no
configure:3486: checking for _FILE_OFFSET_BITS value needed for large files
configure:3511: gcc -c -O4 -fPIC  conftest.c >&5
clang: warning: -O4 is equivalent to -O3
configure:3511: $? = 0
configure:3543: result: no
configure:3808: checking for sys/wait.h that is POSIX.1 compatible
configure:3834: gcc -c -O4 -fPIC  conftest.c >&5
clang: warning: -O4 is equivalent to -O3
configure:3834: $? = 0
configure:3841: result: yes
configure:3854: checking how to run the C preprocessor
configure:3885: gcc -E  conftest.c
configure:3885: $? = 0
configure:3899: gcc -E  conftest.c
conftest.c:10:10: fatal error: 'ac_nonexistent.h' file not found
#include <ac_nonexistent.h>
         ^
1 error generated.
configure:3899: $? = 1
configure: failed program was:
| /* confdefs.h */
| #define PACKAGE_NAME ""
| #define PACKAGE_TARNAME ""
| #define PACKAGE_VERSION ""
| #define PACKAGE_STRING ""
| #define PACKAGE_BUGREPORT ""
| #define PACKAGE_URL ""
| #define HAVE_SYS_WAIT_H 1
| /* end confdefs.h.  */
| #include <ac_nonexistent.h>
configure:3924: result: gcc -E
configure:3944: gcc -E  conftest.c
configure:3944: $? = 0
configure:3958: gcc -E  conftest.c
conftest.c:10:10: fatal error: 'ac_nonexistent.h' file not found
#include <ac_nonexistent.h>
         ^
1 error generated.
configure:3958: $? = 1
configure: failed program was:
| /* confdefs.h */
| #define PACKAGE_NAME ""
| #define PACKAGE_TARNAME ""
| #define PACKAGE_VERSION ""
| #define PACKAGE_STRING ""
| #define PACKAGE_BUGREPORT ""
| #define PACKAGE_URL ""
| #define HAVE_SYS_WAIT_H 1
| /* end confdefs.h.  */
| #include <ac_nonexistent.h>
configure:3987: checking for grep that handles long lines and -e
configure:4045: result: /usr/bin/grep
configure:4050: checking for egrep
configure:4112: result: /usr/bin/grep -E
configure:4117: checking for ANSI C header files
configure:4137: gcc -c -O4 -fPIC  conftest.c >&5
clang: warning: -O4 is equivalent to -O3
configure:4137: $? = 0
configure:4210: gcc -o conftest -O4 -fPIC   conftest.c  >&5
clang: warning: -O4 is equivalent to -O3
configure:4210: $? = 0
configure:4210: ./conftest
configure:4210: $? = 0
configure:4221: result: yes
configure:4234: checking for sys/types.h
configure:4234: gcc -c -O4 -fPIC  conftest.c >&5
clang: warning: -O4 is equivalent to -O3
configure:4234: $? = 0
configure:4234: result: yes
configure:4234: checking for sys/stat.h
configure:4234: gcc -c -O4 -fPIC  conftest.c >&5
clang: warning: -O4 is equivalent to -O3
configure:4234: $? = 0
configure:4234: result: yes
configure:4234: checking for stdlib.h
configure:4234: gcc -c -O4 -fPIC  conftest.c >&5
clang: warning: -O4 is equivalent to -O3
configure:4234: $? = 0
configure:4234: result: yes
configure:4234: checking for string.h
configure:4234: gcc -c -O4 -fPIC  conftest.c >&5
clang: warning: -O4 is equivalent to -O3
configure:4234: $? = 0
configure:4234: result: yes
configure:4234: checking for memory.h
configure:4234: gcc -c -O4 -fPIC  conftest.c >&5
clang: warning: -O4 is equivalent to -O3
configure:4234: $? = 0
configure:4234: result: yes
configure:4234: checking for strings.h
configure:4234: gcc -c -O4 -fPIC  conftest.c >&5
clang: warning: -O4 is equivalent to -O3
configure:4234: $? = 0
configure:4234: result: yes
configure:4234: checking for inttypes.h
configure:4234: gcc -c -O4 -fPIC  conftest.c >&5
clang: warning: -O4 is equivalent to -O3
configure:4234: $? = 0
configure:4234: result: yes
configure:4234: checking for stdint.h
configure:4234: gcc -c -O4 -fPIC  conftest.c >&5
clang: warning: -O4 is equivalent to -O3
configure:4234: $? = 0
configure:4234: result: yes
configure:4234: checking for unistd.h
configure:4234: gcc -c -O4 -fPIC  conftest.c >&5
clang: warning: -O4 is equivalent to -O3
configure:4234: $? = 0
configure:4234: result: yes
configure:4249: checking signal.h usability
configure:4249: gcc -c -O4 -fPIC  conftest.c >&5
clang: warning: -O4 is equivalent to -O3
configure:4249: $? = 0
configure:4249: result: yes
configure:4249: checking signal.h presence
configure:4249: gcc -E  conftest.c
configure:4249: $? = 0
configure:4249: result: yes
configure:4249: checking for signal.h
configure:4249: result: yes
configure:4249: checking stddef.h usability
configure:4249: gcc -c -O4 -fPIC  conftest.c >&5
clang: warning: -O4 is equivalent to -O3
configure:4249: $? = 0
configure:4249: result: yes
configure:4249: checking stddef.h presence
configure:4249: gcc -E  conftest.c
configure:4249: $? = 0
configure:4249: result: yes
configure:4249: checking for stddef.h
configure:4249: result: yes
configure:4249: checking for unistd.h
configure:4249: result: yes
configure:4249: checking for sys/types.h
configure:4249: result: yes
configure:4249: checking for sys/wait.h
configure:4249: result: yes
configure:4249: checking for stdlib.h
configure:4249: result: yes
configure:4249: checking for string.h
configure:4249: result: yes
configure:4249: checking errno.h usability
configure:4249: gcc -c -O4 -fPIC  conftest.c >&5
clang: warning: -O4 is equivalent to -O3
configure:4249: $? = 0
configure:4249: result: yes
configure:4249: checking errno.h presence
configure:4249: gcc -E  conftest.c
configure:4249: $? = 0
configure:4249: result: yes
configure:4249: checking for errno.h
configure:4249: result: yes
configure:4249: checking pthread.h usability
configure:4249: gcc -c -O4 -fPIC  conftest.c >&5
clang: warning: -O4 is equivalent to -O3
configure:4249: $? = 0
configure:4249: result: yes
configure:4249: checking pthread.h presence
configure:4249: gcc -E  conftest.c
configure:4249: $? = 0
configure:4249: result: yes
configure:4249: checking for pthread.h
configure:4249: result: yes
configure:4314: checking for pid_t
configure:4314: gcc -c -O4 -fPIC  conftest.c >&5
clang: warning: -O4 is equivalent to -O3
configure:4314: $? = 0
configure:4314: gcc -c -O4 -fPIC  conftest.c >&5
clang: warning: -O4 is equivalent to -O3
conftest.c:65:20: error: expected expression
if (sizeof ((pid_t)))
                   ^
1 error generated.
configure:4314: $? = 1
configure: failed program was:
| /* confdefs.h */
| #define PACKAGE_NAME ""
| #define PACKAGE_TARNAME ""
| #define PACKAGE_VERSION ""
| #define PACKAGE_STRING ""
| #define PACKAGE_BUGREPORT ""
| #define PACKAGE_URL ""
| #define HAVE_SYS_WAIT_H 1
| #define STDC_HEADERS 1
| #define HAVE_SYS_TYPES_H 1
| #define HAVE_SYS_STAT_H 1
| #define HAVE_STDLIB_H 1
| #define HAVE_STRING_H 1
| #define HAVE_MEMORY_H 1
| #define HAVE_STRINGS_H 1
| #define HAVE_INTTYPES_H 1
| #define HAVE_STDINT_H 1
| #define HAVE_UNISTD_H 1
| #define HAVE_SIGNAL_H 1
| #define HAVE_STDDEF_H 1
| #define HAVE_UNISTD_H 1
| #define HAVE_SYS_TYPES_H 1
| #define HAVE_SYS_WAIT_H 1
| #define HAVE_STDLIB_H 1
| #define HAVE_STRING_H 1
| #define HAVE_ERRNO_H 1
| #define HAVE_PTHREAD_H 1
| /* end confdefs.h.  */
| #include <stdio.h>
| #ifdef HAVE_SYS_TYPES_H
| # include <sys/types.h>
| #endif
| #ifdef HAVE_SYS_STAT_H
| # include <sys/stat.h>
| #endif
| #ifdef STDC_HEADERS
| # include <stdlib.h>
| # include <stddef.h>
| #else
| # ifdef HAVE_STDLIB_H
| #  include <stdlib.h>
| # endif
| #endif
| #ifdef HAVE_STRING_H
| # if !defined STDC_HEADERS && defined HAVE_MEMORY_H
| #  include <memory.h>
| # endif
| # include <string.h>
| #endif
| #ifdef HAVE_STRINGS_H
| # include <strings.h>
| #endif
| #ifdef HAVE_INTTYPES_H
| # include <inttypes.h>
| #endif
| #ifdef HAVE_STDINT_H
| # include <stdint.h>
| #endif
| #ifdef HAVE_UNISTD_H
| # include <unistd.h>
| #endif
| int
| main ()
| {
| if (sizeof ((pid_t)))
| 	    return 0;
|   ;
|   return 0;
| }
configure:4314: result: yes
configure:4332: checking if malloc is declared in stdlib.h or malloc.h
configure:4363: result: 1
configure:4366: checking if ftell is declared in stdio.h
configure:4382: result: 1
configure:4385: checking if fdopen is declared in stdio.h
configure:4401: result: 1
configure:4404: checking if popen is declared in stdio.h
configure:4420: result: 1
configure:4423: checking if putenv is declared in stdlib.h
configure:4439: result: 1
configure:4442: checking if setenv is declared in stdlib.h
configure:4458: result: 1
configure:4461: checking if INFINITY is declared in math.h
configure:4481: result: 1
configure:4488: checking size of int
configure:4493: gcc -o conftest -O4 -fPIC   conftest.c  >&5
clang: warning: -O4 is equivalent to -O3
configure:4493: $? = 0
configure:4493: ./conftest
configure:4493: $? = 0
configure:4507: result: 4
configure:4522: checking size of long
configure:4527: gcc -o conftest -O4 -fPIC   conftest.c  >&5
clang: warning: -O4 is equivalent to -O3
configure:4527: $? = 0
configure:4527: ./conftest
configure:4527: $? = 0
configure:4541: result: 8
configure:4556: checking size of long long
configure:4561: gcc -o conftest -O4 -fPIC   conftest.c  >&5
clang: warning: -O4 is equivalent to -O3
configure:4561: $? = 0
configure:4561: ./conftest
configure:4561: $? = 0
configure:4575: result: 8
configure:4590: checking size of __int128
configure:4595: gcc -o conftest -O4 -fPIC   conftest.c  >&5
clang: warning: -O4 is equivalent to -O3
configure:4595: $? = 0
configure:4595: ./conftest
configure:4595: $? = 0
configure:4609: result: 16
configure:4624: checking size of __int128_t
configure:4629: gcc -o conftest -O4 -fPIC   conftest.c  >&5
clang: warning: -O4 is equivalent to -O3
configure:4629: $? = 0
configure:4629: ./conftest
configure:4629: $? = 0
configure:4643: result: 16
configure:4670: checking for isatty
configure:4670: gcc -o conftest -O4 -fPIC   conftest.c  >&5
clang: warning: -O4 is equivalent to -O3
configure:4670: $? = 0
configure:4670: result: yes
configure:4678: checking for time
configure:4678: gcc -o conftest -O4 -fPIC   conftest.c  >&5
clang: warning: -O4 is equivalent to -O3
configure:4678: $? = 0
configure:4678: result: yes
configure:4686: checking for gettimeofday
configure:4686: gcc -o conftest -O4 -fPIC   conftest.c  >&5
clang: warning: -O4 is equivalent to -O3
configure:4686: $? = 0
configure:4686: result: yes
configure:4694: checking for times
configure:4694: gcc -o conftest -O4 -fPIC   conftest.c  >&5
clang: warning: -O4 is equivalent to -O3
configure:4694: $? = 0
configure:4694: result: yes
configure:4702: checking for getrusage
configure:4702: gcc -o conftest -O4 -fPIC   conftest.c  >&5
clang: warning: -O4 is equivalent to -O3
configure:4702: $? = 0
configure:4702: result: yes
configure:4710: checking for perror
configure:4710: gcc -o conftest -O4 -fPIC   conftest.c  >&5
clang: warning: -O4 is equivalent to -O3
configure:4710: $? = 0
configure:4710: result: yes
configure:4718: checking for pipe
configure:4718: gcc -o conftest -O4 -fPIC   conftest.c  >&5
clang: warning: -O4 is equivalent to -O3
configure:4718: $? = 0
configure:4718: result: yes
configure:4726: checking for wait
configure:4726: gcc -o conftest -O4 -fPIC   conftest.c  >&5
clang: warning: -O4 is equivalent to -O3
configure:4726: $? = 0
configure:4726: result: yes
configure:4734: checking for popen
configure:4734: gcc -o conftest -O4 -fPIC   conftest.c  >&5
clang: warning: -O4 is equivalent to -O3
configure:4734: $? = 0
configure:4734: result: yes
configure:4742: checking for putenv
configure:4742: gcc -o conftest -O4 -fPIC   conftest.c  >&5
clang: warning: -O4 is equivalent to -O3
configure:4742: $? = 0
configure:4742: result: yes
configure:4750: checking for setenv
configure:4750: gcc -o conftest -O4 -fPIC   conftest.c  >&5
clang: warning: -O4 is equivalent to -O3
configure:4750: $? = 0
configure:4750: result: yes
configure:4760: checking vfork.h usability
configure:4760: gcc -c -O4 -fPIC  conftest.c >&5
clang: warning: -O4 is equivalent to -O3
conftest.c:67:10: fatal error: 'vfork.h' file not found
#include <vfork.h>
         ^
1 error generated.
configure:4760: $? = 1
configure: failed program was:
| /* confdefs.h */
| #define PACKAGE_NAME ""
| #define PACKAGE_TARNAME ""
| #define PACKAGE_VERSION ""
| #define PACKAGE_STRING ""
| #define PACKAGE_BUGREPORT ""
| #define PACKAGE_URL ""
| #define HAVE_SYS_WAIT_H 1
| #define STDC_HEADERS 1
| #define HAVE_SYS_TYPES_H 1
| #define HAVE_SYS_STAT_H 1
| #define HAVE_STDLIB_H 1
| #define HAVE_STRING_H 1
| #define HAVE_MEMORY_H 1
| #define HAVE_STRINGS_H 1
| #define HAVE_INTTYPES_H 1
| #define HAVE_STDINT_H 1
| #define HAVE_UNISTD_H 1
| #define HAVE_SIGNAL_H 1
| #define HAVE_STDDEF_H 1
| #define HAVE_UNISTD_H 1
| #define HAVE_SYS_TYPES_H 1
| #define HAVE_SYS_WAIT_H 1
| #define HAVE_STDLIB_H 1
| #define HAVE_STRING_H 1
| #define HAVE_ERRNO_H 1
| #define HAVE_PTHREAD_H 1
| #define SIZEOF_INT 4
| #define SIZEOF_LONG 8
| #define SIZEOF_LONG_LONG 8
| #define SIZEOF___INT128 16
| #define SIZEOF___INT128_T 16
| /* end confdefs.h.  */
| #include <stdio.h>
| #ifdef HAVE_SYS_TYPES_H
| # include <sys/types.h>
| #endif
| #ifdef HAVE_SYS_STAT_H
| # include <sys/stat.h>
| #endif
| #ifdef STDC_HEADERS
| # include <stdlib.h>
| # include <stddef.h>
| #else
| # ifdef HAVE_STDLIB_H
| #  include <stdlib.h>
| # endif
| #endif
| #ifdef HAVE_STRING_H
| # if !defined STDC_HEADERS && defined HAVE_MEMORY_H
| #  include <memory.h>
| # endif
| # include <string.h>
| #endif
| #ifdef HAVE_STRINGS_H
| # include <strings.h>
| #endif
| #ifdef HAVE_INTTYPES_H
| # include <inttypes.h>
| #endif
| #ifdef HAVE_STDINT_H
| # include <stdint.h>
| #endif
| #ifdef HAVE_UNISTD_H
| # include <unistd.h>
| #endif
| #include <vfork.h>
configure:4760: result: no
configure:4760: checking vfork.h presence
configure:4760: gcc -E  conftest.c
conftest.c:34:10: fatal error: 'vfork.h' file not found
#include <vfork.h>
         ^
1 error generated.
configure:4760: $? = 1
configure: failed program was:
| /* confdefs.h */
| #define PACKAGE_NAME ""
| #define PACKAGE_TARNAME ""
| #define PACKAGE_VERSION ""
| #define PACKAGE_STRING ""
| #define PACKAGE_BUGREPORT ""
| #define PACKAGE_URL ""
| #define HAVE_SYS_WAIT_H 1
| #define STDC_HEADERS 1
| #define HAVE_SYS_TYPES_H 1
| #define HAVE_SYS_STAT_H 1
| #define HAVE_STDLIB_H 1
| #define HAVE_STRING_H 1
| #define HAVE_MEMORY_H 1
| #define HAVE_STRINGS_H 1
| #define HAVE_INTTYPES_H 1
| #define HAVE_STDINT_H 1
| #define HAVE_UNISTD_H 1
| #define HAVE_SIGNAL_H 1
| #define HAVE_STDDEF_H 1
| #define HAVE_UNISTD_H 1
| #define HAVE_SYS_TYPES_H 1
| #define HAVE_SYS_WAIT_H 1
| #define HAVE_STDLIB_H 1
| #define HAVE_STRING_H 1
| #define HAVE_ERRNO_H 1
| #define HAVE_PTHREAD_H 1
| #define SIZEOF_INT 4
| #define SIZEOF_LONG 8
| #define SIZEOF_LONG_LONG 8
| #define SIZEOF___INT128 16
| #define SIZEOF___INT128_T 16
| /* end confdefs.h.  */
| #include <vfork.h>
configure:4760: result: no
configure:4760: checking for vfork.h
configure:4760: result: no
configure:4773: checking for fork
configure:4773: gcc -o conftest -O4 -fPIC   conftest.c  >&5
clang: warning: -O4 is equivalent to -O3
configure:4773: $? = 0
configure:4773: result: yes
configure:4773: checking for vfork
configure:4773: gcc -o conftest -O4 -fPIC   conftest.c  >&5
clang: warning: -O4 is equivalent to -O3
conftest.c:58:6: warning: incompatible redeclaration of library function 'vfork' [-Wincompatible-library-redeclaration]
char vfork ();
     ^
conftest.c:58:6: note: 'vfork' is a builtin with type 'int (void)'
1 warning generated.
configure:4773: $? = 0
configure:4773: result: yes
configure:4783: checking for working fork
configure:4805: gcc -o conftest -O4 -fPIC   conftest.c  >&5
clang: warning: -O4 is equivalent to -O3
configure:4805: $? = 0
configure:4805: ./conftest
configure:4805: $? = 0
configure:4815: result: yes
configure:4836: checking for working vfork
configure:4946: result: yes
configure:4978: checking for fseeko
configure:4978: gcc -o conftest -O4 -fPIC   conftest.c  >&5
clang: warning: -O4 is equivalent to -O3
configure:4978: $? = 0
configure:4978: result: yes
configure:4986: checking for sigaction
configure:4986: gcc -o conftest -O4 -fPIC   conftest.c  >&5
clang: warning: -O4 is equivalent to -O3
configure:4986: $? = 0
configure:4986: result: yes
configure:4994: checking for sigprocmask
configure:4994: gcc -o conftest -O4 -fPIC   conftest.c  >&5
clang: warning: -O4 is equivalent to -O3
configure:4994: $? = 0
configure:4994: result: yes
configure:5003: checking if popcnt instruction is available and requested
configure:5016: result: 1
configure:5063: checking if __builtin_popcount() is supported
configure:5069: gcc -o conftest -O4 -fPIC -mpopcnt   conftest.c  >&5
clang: warning: -O4 is equivalent to -O3
configure:5069: $? = 0
configure:5076: result: 1
configure:5078: checking if __builtin_popcountl() is supported
configure:5084: gcc -o conftest -O4 -fPIC -mpopcnt   conftest.c  >&5
clang: warning: -O4 is equivalent to -O3
configure:5084: $? = 0
configure:5091: result: 1
configure:5093: checking if __builtin_popcountll() is supported
configure:5099: gcc -o conftest -O4 -fPIC -mpopcnt   conftest.c  >&5
clang: warning: -O4 is equivalent to -O3
configure:5099: $? = 0
configure:5106: result: 1
configure:5129: checking if gcc supports -march=native
configure:5139: gcc -c -O4 -fPIC -march=native  conftest.c >&5
clang: warning: -O4 is equivalent to -O3
configure:5139: $? = 0
configure:5145: result: yes
configure:5193: checking if __builtin_clz() is supported
configure:5199: gcc -o conftest -O4 -fPIC   conftest.c  >&5
clang: warning: -O4 is equivalent to -O3
configure:5199: $? = 0
configure:5206: result: 1
configure:5208: checking if __builtin_clzl() is supported
configure:5214: gcc -o conftest -O4 -fPIC   conftest.c  >&5
clang: warning: -O4 is equivalent to -O3
configure:5214: $? = 0
configure:5221: result: 1
configure:5223: checking if __builtin_clzll() is supported
configure:5229: gcc -o conftest -O4 -fPIC   conftest.c  >&5
clang: warning: -O4 is equivalent to -O3
configure:5229: $? = 0
configure:5236: result: 1
configure:5251: checking for pthread_create
configure:5251: gcc -o conftest -O4 -fPIC   conftest.c  >&5
clang: warning: -O4 is equivalent to -O3
configure:5251: $? = 0
configure:5251: result: yes
configure:5261: checking for pthread_create in -lpthread
configure:5286: gcc -o conftest -O4 -fPIC   conftest.c -lpthread   >&5
clang: warning: -O4 is equivalent to -O3
configure:5286: $? = 0
configure:5295: result: yes
configure:5323: checking for getc_unlocked
configure:5323: gcc -o conftest -O4 -fPIC   conftest.c  >&5
clang: warning: -O4 is equivalent to -O3
configure:5323: $? = 0
configure:5323: result: yes
configure:5330: checking for flockfile
configure:5330: gcc -o conftest -O4 -fPIC   conftest.c  >&5
clang: warning: -O4 is equivalent to -O3
configure:5330: $? = 0
configure:5330: result: yes
configure:5464: checking for gsort
configure:5494: result: no
configure:5464: checking for sort
configure:5480: found /usr/bin/sort
configure:5491: result: sort
configure:5505: checking if sort supports the -k switch
configure:5513: result: 1
configure:5671: creating ./config.status

## ---------------------- ##
## Running config.status. ##
## ---------------------- ##

This file was extended by config.status, which was
generated by GNU Autoconf 2.69.  Invocation command line was

  CONFIG_FILES    = 
  CONFIG_HEADERS  = 
  CONFIG_LINKS    = 
  CONFIG_COMMANDS = 
  $ ./config.status 

on MacBook-Pro-de-VAYER.local

config.status:798: creating makefile
config.status:798: creating nauty.h
config.status:798: creating naututil.h
config.status:798: creating gtools.h

## ---------------- ##
## Cache variables. ##
## ---------------- ##

ac_cv_build=x86_64-apple-darwin15.6.0
ac_cv_c_compiler_gnu=yes
ac_cv_env_CC_set=
ac_cv_env_CC_value=
ac_cv_env_CFLAGS_set=set
ac_cv_env_CFLAGS_value='-O4 -fPIC'
ac_cv_env_CPPFLAGS_set=
ac_cv_env_CPPFLAGS_value=
ac_cv_env_CPP_set=
ac_cv_env_CPP_value=
ac_cv_env_LDFLAGS_set=
ac_cv_env_LDFLAGS_value=
ac_cv_env_LIBS_set=
ac_cv_env_LIBS_value=
ac_cv_env_build_alias_set=
ac_cv_env_build_alias_value=
ac_cv_env_host_alias_set=
ac_cv_env_host_alias_value=
ac_cv_env_target_alias_set=
ac_cv_env_target_alias_value=
ac_cv_func_flockfile=yes
ac_cv_func_fork=yes
ac_cv_func_fork_works=yes
ac_cv_func_fseeko=yes
ac_cv_func_getc_unlocked=yes
ac_cv_func_getrusage=yes
ac_cv_func_gettimeofday=yes
ac_cv_func_isatty=yes
ac_cv_func_perror=yes
ac_cv_func_pipe=yes
ac_cv_func_popen=yes
ac_cv_func_pthread_create=yes
ac_cv_func_putenv=yes
ac_cv_func_setenv=yes
ac_cv_func_sigaction=yes
ac_cv_func_sigprocmask=yes
ac_cv_func_time=yes
ac_cv_func_times=yes
ac_cv_func_vfork=yes
ac_cv_func_vfork_works=yes
ac_cv_func_wait=yes
ac_cv_header_errno_h=yes
ac_cv_header_inttypes_h=yes
ac_cv_header_memory_h=yes
ac_cv_header_pthread_h=yes
ac_cv_header_signal_h=yes
ac_cv_header_stdc=yes
ac_cv_header_stddef_h=yes
ac_cv_header_stdint_h=yes
ac_cv_header_stdlib_h=yes
ac_cv_header_string_h=yes
ac_cv_header_strings_h=yes
ac_cv_header_sys_stat_h=yes
ac_cv_header_sys_types_h=yes
ac_cv_header_sys_wait_h=yes
ac_cv_header_unistd_h=yes
ac_cv_header_vfork_h=no
ac_cv_host=x86_64-apple-darwin15.6.0
ac_cv_lib_pthread_pthread_create=yes
ac_cv_native_ok=yes
ac_cv_objext=o
ac_cv_path_EGREP='/usr/bin/grep -E'
ac_cv_path_GREP=/usr/bin/grep
ac_cv_prog_CPP='gcc -E'
ac_cv_prog_ac_ct_CC=gcc
ac_cv_prog_cc_c89=
ac_cv_prog_cc_g=yes
ac_cv_prog_sort_prog=sort
ac_cv_sizeof___int128=16
ac_cv_sizeof___int128_t=16
ac_cv_sizeof_int=4
ac_cv_sizeof_long=8
ac_cv_sizeof_long_long=8
ac_cv_sys_file_offset_bits=0
ac_cv_sys_largefile_CC=no
ac_cv_tls=
ac_cv_type_pid_t=yes

## ----------------- ##
## Output variables. ##
## ----------------- ##

CC='gcc'
CFLAGS='-O4 -fPIC'
CPP='gcc -E'
CPPFLAGS=''
DEFS='-DPACKAGE_NAME=\"\" -DPACKAGE_TARNAME=\"\" -DPACKAGE_VERSION=\"\" -DPACKAGE_STRING=\"\" -DPACKAGE_BUGREPORT=\"\" -DPACKAGE_URL=\"\" -DHAVE_SYS_WAIT_H=1 -DSTDC_HEADERS=1 -DHAVE_SYS_TYPES_H=1 -DHAVE_SYS_STAT_H=1 -DHAVE_STDLIB_H=1 -DHAVE_STRING_H=1 -DHAVE_MEMORY_H=1 -DHAVE_STRINGS_H=1 -DHAVE_INTTYPES_H=1 -DHAVE_STDINT_H=1 -DHAVE_UNISTD_H=1 -DHAVE_SIGNAL_H=1 -DHAVE_STDDEF_H=1 -DHAVE_UNISTD_H=1 -DHAVE_SYS_TYPES_H=1 -DHAVE_SYS_WAIT_H=1 -DHAVE_STDLIB_H=1 -DHAVE_STRING_H=1 -DHAVE_ERRNO_H=1 -DHAVE_PTHREAD_H=1 -DSIZEOF_INT=4 -DSIZEOF_LONG=8 -DSIZEOF_LONG_LONG=8 -DSIZEOF___INT128=16 -DSIZEOF___INT128_T=16 -DHAVE_FORK=1 -DHAVE_VFORK=1 -DHAVE_WORKING_VFORK=1 -DHAVE_WORKING_FORK=1'
ECHO_C='\c'
ECHO_N=''
ECHO_T=''
EGREP='/usr/bin/grep -E'
EXEEXT=''
GREP='/usr/bin/grep'
LDFLAGS=''
LIBOBJS=''
LIBS=''
LTLIBOBJS=''
MORECFLAGS=' -mpopcnt -march=native'
OBJEXT='o'
PACKAGE_BUGREPORT=''
PACKAGE_NAME=''
PACKAGE_STRING=''
PACKAGE_TARNAME=''
PACKAGE_URL=''
PACKAGE_VERSION=''
PATH_SEPARATOR=':'
SHELL='/bin/sh'
ac_ct_CC='gcc'
ac_cv_sizeof___int128='16'
ac_cv_sizeof___int128_t='16'
ac_cv_sizeof_int='4'
ac_cv_sizeof_long='8'
ac_cv_sizeof_long_long='8'
ac_cv_sys_file_offset_bits='0'
ac_cv_tls=''
allow_interrupt='1'
bindir='${exec_prefix}/bin'
build='x86_64-apple-darwin15.6.0'
build_alias=''
build_cpu='x86_64'
build_os='darwin15.6.0'
build_vendor='apple'
datadir='${datarootdir}'
datarootdir='${prefix}/share'
default_wordsize='0'
docdir='${datarootdir}/doc/${PACKAGE}'
dvidir='${docdir}'
edit_msg='++++++ This file is automatically generated, don'\''t edit it by hand! ++++++'
exec_prefix='${prefix}'
fdopen_dec='1'
ftell_dec='1'
has_math_inf='1'
have_ansicontrols='0'
have_clz='1'
have_clzl='1'
have_clzll='1'
have_fork='1'
have_fseeko='1'
have_getrusage='1'
have_gettimeofday='1'
have_hwpopcnt='1'
have_isatty='1'
have_mmpop32='0'
have_mmpop64='0'
have_perror='1'
have_pid_t='1'
have_pipe='1'
have_popcnt='1'
have_popcntl='1'
have_popcntll='1'
have_popen='1'
have_pthread='1'
have_putenv='1'
have_setenv='1'
have_sigaction='1'
have_sigprocmask='1'
have_time='1'
have_times='1'
have_tls='0'
have_wait='1'
header_errno_h='1'
header_pthread_h='1'
header_signal_h='1'
header_stddef_h='1'
header_stdlib_h='1'
header_string_h='1'
header_sys_types_h='1'
header_sys_wait_h='1'
header_unistd_h='1'
host='x86_64-apple-darwin15.6.0'
host_alias=''
host_cpu='x86_64'
host_os='darwin15.6.0'
host_vendor='apple'
htmldir='${docdir}'
includedir='${prefix}/include'
infodir='${datarootdir}/info'
libdir='${exec_prefix}/lib'
libexecdir='${exec_prefix}/libexec'
localedir='${datarootdir}/locale'
localstatedir='${prefix}/var'
lok='1'
malloc_dec='1'
mandir='${datarootdir}/man'
oldincludedir='/usr/include'
pdfdir='${docdir}'
popen_dec='1'
prefix='/usr/local'
program_transform_name='s,x,x,'
psdir='${docdir}'
putenv_dec='1'
sbindir='${exec_prefix}/sbin'
setenv_dec='1'
sharedstatedir='${prefix}/com'
shortg_or_null='shortg'
sort_newparams_ok='1'
sort_prog='sort'
stdio_nolock='1'
sysconfdir='${prefix}/etc'
target_alias=''
testprogs='dreadtest dreadtestS dreadtestS1 dreadtest4K dreadtest1 dreadtestW dreadtestW1 dreadtestL1 dreadtestL'
threadlib='-lpthread'

## ----------- ##
## confdefs.h. ##
## ----------- ##

/* confdefs.h */
#define PACKAGE_NAME ""
#define PACKAGE_TARNAME ""
#define PACKAGE_VERSION ""
#define PACKAGE_STRING ""
#define PACKAGE_BUGREPORT ""
#define PACKAGE_URL ""
#define HAVE_SYS_WAIT_H 1
#define STDC_HEADERS 1
#define HAVE_SYS_TYPES_H 1
#define HAVE_SYS_STAT_H 1
#define HAVE_STDLIB_H 1
#define HAVE_STRING_H 1
#define HAVE_MEMORY_H 1
#define HAVE_STRINGS_H 1
#define HAVE_INTTYPES_H 1
#define HAVE_STDINT_H 1
#define HAVE_UNISTD_H 1
#define HAVE_SIGNAL_H 1
#define HAVE_STDDEF_H 1
#define HAVE_UNISTD_H 1
#define HAVE_SYS_TYPES_H 1
#define HAVE_SYS_WAIT_H 1
#define HAVE_STDLIB_H 1
#define HAVE_STRING_H 1
#define HAVE_ERRNO_H 1
#define HAVE_PTHREAD_H 1
#define SIZEOF_INT 4
#define SIZEOF_LONG 8
#define SIZEOF_LONG_LONG 8
#define SIZEOF___INT128 16
#define SIZEOF___INT128_T 16
#define HAVE_FORK 1
#define HAVE_VFORK 1
#define HAVE_WORKING_VFORK 1
#define HAVE_WORKING_FORK 1

configure: exit 0
